
> ai-app@0.1.0 dev
> next dev

▲ Next.js 16.2.3 (Turbopack)
- Local:         http://localhost:3000
- Network:       http://10.2.38.140:3000
- Environments: .env.local
✓ Ready in 312ms

 GET / 200 in 432ms (next.js: 152ms, application-code: 280ms)
[browser] THREE.WebGLRenderer: A WebGL context could not be created. Reason:  Could not create a WebGL context, VENDOR = 0xffff, DEVICE = 0xffff, Sandboxed = no, Optimus = no, AMD switchable = no, Reset notification strategy = 0x0000, ErrorMessage = BindToCurrentSequence failed: . 
    at ParticlesBackground.useEffect (components/ParticlesBackground.tsx:22:22)
  20 |     camera.position.z = 30;
  21 |
> 22 |     const renderer = new THREE.WebGLRenderer({ alpha: true, antialias: true });
     |                      ^
  23 |     renderer.setSize(width, height);
  24 |     renderer.setPixelRatio(Math.min(window.devicePixelRatio, 2));
  25 |     container.appendChild(renderer.domElement); (components/ParticlesBackground.tsx:22:22)
[browser] THREE.WebGLRenderer: A WebGL context could not be created. Reason:  Could not create a WebGL context, VENDOR = 0xffff, DEVICE = 0xffff, Sandboxed = no, Optimus = no, AMD switchable = no, Reset notification strategy = 0x0000, ErrorMessage = BindToCurrentSequence failed: . 
    at ParticlesBackground.useEffect (components/ParticlesBackground.tsx:22:22)
  20 |     camera.position.z = 30;
  21 |
> 22 |     const renderer = new THREE.WebGLRenderer({ alpha: true, antialias: true });
     |                      ^
  23 |     renderer.setSize(width, height);
  24 |     renderer.setPixelRatio(Math.min(window.devicePixelRatio, 2));
  25 |     container.appendChild(renderer.domElement); (components/ParticlesBackground.tsx:22:22)
[browser] THREE.WebGLRenderer: Error creating WebGL context. 
    at ParticlesBackground.useEffect (components/ParticlesBackground.tsx:22:22)
  20 |     camera.position.z = 30;
  21 |
> 22 |     const renderer = new THREE.WebGLRenderer({ alpha: true, antialias: true });
     |                      ^
  23 |     renderer.setSize(width, height);
  24 |     renderer.setPixelRatio(Math.min(window.devicePixelRatio, 2));
  25 |     container.appendChild(renderer.domElement); (components/ParticlesBackground.tsx:22:22)
[browser] Uncaught Error: Error creating WebGL context.
    at ParticlesBackground.useEffect (components/ParticlesBackground.tsx:22:22)
    at Home (app/page.tsx:11:7)
  20 |     camera.position.z = 30;
  21 |
> 22 |     const renderer = new THREE.WebGLRenderer({ alpha: true, antialias: true });
     |                      ^
  23 |     renderer.setSize(width, height);
  24 |     renderer.setPixelRatio(Math.min(window.devicePixelRatio, 2));
  25 |     container.appendChild(renderer.domElement);
⚠ Fast Refresh had to perform a full reload due to a runtime error.
✓ Compiled in 328ms
 GET / 200 in 46ms (next.js: 5ms, application-code: 41ms)
[browser] WebGL not supported, using fallback background (components/ParticlesBackground.tsx:21:15)
 GET / 200 in 32ms (next.js: 3ms, application-code: 29ms)
[browser] WebGL not supported, using fallback background (components/ParticlesBackground.tsx:21:15)
 GET /chat 200 in 2.4s (next.js: 1951ms, application-code: 432ms)
 GET /docs 200 in 541ms (next.js: 488ms, application-code: 54ms)
 GET /about 200 in 527ms (next.js: 477ms, application-code: 49ms)
